# JRE version: Java(TM) SE Runtime Environment (15.0.2+7) (build 15.0.2+7-27)
# Java VM: Java HotSpot(TM) 64-Bit Server VM (15.0.2+7-27, mixed mode, sharing, tiered, compressed oops, g1 gc, windows-amd64)
GC Precious Log:
 CPUs: 12 total, 12 available
 Memory: 16295M
 Large Page Support: Disabled
 NUMA Support: Disabled
 Compressed Oops: Enabled (Zero based)
 Heap Region Size: 2M
 Heap Min Capacity: 8M
 Heap Initial Capacity: 256M
 Heap Max Capacity: 4074M
 Pre-touch: Disabled
 Parallel Workers: 10
 Concurrent Workers: 3
 Concurrent Refinement Workers: 10
 Periodic GC: Disabled
Heap:
 garbage-first heap   total 262144K, used 32867K [0x0000000701600000, 0x0000000800000000)
  region size 2048K, 16 young (32768K), 5 survivors (10240K)
 Metaspace       used 7687K, capacity 9270K, committed 9472K, reserved 1058816K
  class space    used 451K, capacity 676K, committed 768K, reserved 1048576K
GC Heap History (6 events):
Event: 1.074 GC heap before
{Heap before GC invocations=0 (full 0):
 garbage-first heap   total 262144K, used 20480K [0x0000000701600000, 0x0000000800000000)
  region size 2048K, 11 young (22528K), 0 survivors (0K)
 Metaspace       used 5310K, capacity 8058K, committed 8320K, reserved 1056768K
  class space    used 302K, capacity 581K, committed 640K, reserved 1048576K
}
Event: 1.076 GC heap after
{Heap after GC invocations=1 (full 0):
 garbage-first heap   total 262144K, used 2993K [0x0000000701600000, 0x0000000800000000)
  region size 2048K, 2 young (4096K), 2 survivors (4096K)
 Metaspace       used 5310K, capacity 8058K, committed 8320K, reserved 1056768K
  class space    used 302K, capacity 581K, committed 640K, reserved 1048576K
}
Event: 5.665 GC heap before
{Heap before GC invocations=1 (full 0):
 garbage-first heap   total 262144K, used 39857K [0x0000000701600000, 0x0000000800000000)
  region size 2048K, 18 young (36864K), 2 survivors (4096K)
 Metaspace       used 7614K, capacity 9263K, committed 9472K, reserved 1058816K
  class space    used 450K, capacity 676K, committed 768K, reserved 1048576K
}
Event: 5.668 GC heap after
{Heap after GC invocations=2 (full 0):
 garbage-first heap   total 262144K, used 8124K [0x0000000701600000, 0x0000000800000000)
  region size 2048K, 2 young (4096K), 2 survivors (4096K)
 Metaspace       used 7614K, capacity 9263K, committed 9472K, reserved 1058816K
  class space    used 450K, capacity 676K, committed 768K, reserved 1048576K
}
Event: 5.851 GC heap before
{Heap before GC invocations=2 (full 0):
 garbage-first heap   total 262144K, used 159676K [0x0000000701600000, 0x0000000800000000)
  region size 2048K, 76 young (155648K), 2 survivors (4096K)
 Metaspace       used 7651K, capacity 9264K, committed 9472K, reserved 1058816K
  class space    used 450K, capacity 676K, committed 768K, reserved 1048576K
}
Event: 5.855 GC heap after
{Heap after GC invocations=3 (full 0):
 garbage-first heap   total 262144K, used 12387K [0x0000000701600000, 0x0000000800000000)
  region size 2048K, 5 young (10240K), 5 survivors (10240K)
 Metaspace       used 7651K, capacity 9264K, committed 9472K, reserved 1058816K
  class space    used 450K, capacity 676K, committed 768K, reserved 1048576K
}

