# JRE version: Java(TM) SE Runtime Environment (15.0.2+7) (build 15.0.2+7-27)
# Java VM: Java HotSpot(TM) 64-Bit Server VM (15.0.2+7-27, mixed mode, sharing, tiered, compressed oops, g1 gc, windows-amd64)
GC Precious Log:
 CPUs: 12 total, 12 available
 Memory: 16295M
 Large Page Support: Disabled
 NUMA Support: Disabled
 Compressed Oops: Enabled (Zero based)
 Heap Region Size: 2M
 Heap Min Capacity: 8M
 Heap Initial Capacity: 256M
 Heap Max Capacity: 4074M
 Pre-touch: Disabled
 Parallel Workers: 10
 Concurrent Workers: 3
 Concurrent Refinement Workers: 10
 Periodic GC: Disabled
Heap:
 garbage-first heap   total 262144K, used 31280K [0x0000000701600000, 0x0000000800000000)
  region size 2048K, 16 young (32768K), 5 survivors (10240K)
 Metaspace       used 7767K, capacity 9066K, committed 9216K, reserved 1058816K
  class space    used 460K, capacity 653K, committed 768K, reserved 1048576K
GC Heap History (6 events):
Event: 0.878 GC heap before
{Heap before GC invocations=0 (full 0):
 garbage-first heap   total 262144K, used 22528K [0x0000000701600000, 0x0000000800000000)
  region size 2048K, 11 young (22528K), 0 survivors (0K)
 Metaspace       used 6347K, capacity 8763K, committed 9088K, reserved 1058816K
  class space    used 355K, capacity 597K, committed 640K, reserved 1048576K
}
Event: 0.881 GC heap after
{Heap after GC invocations=1 (full 0):
 garbage-first heap   total 262144K, used 2961K [0x0000000701600000, 0x0000000800000000)
  region size 2048K, 2 young (4096K), 2 survivors (4096K)
 Metaspace       used 6347K, capacity 8763K, committed 9088K, reserved 1058816K
  class space    used 355K, capacity 597K, committed 640K, reserved 1048576K
}
Event: 1.060 GC heap before
{Heap before GC invocations=1 (full 0):
 garbage-first heap   total 262144K, used 37777K [0x0000000701600000, 0x0000000800000000)
  region size 2048K, 17 young (34816K), 2 survivors (4096K)
 Metaspace       used 7666K, capacity 9059K, committed 9216K, reserved 1058816K
  class space    used 459K, capacity 653K, committed 768K, reserved 1048576K
}
Event: 1.063 GC heap after
{Heap after GC invocations=2 (full 0):
 garbage-first heap   total 262144K, used 8550K [0x0000000701600000, 0x0000000800000000)
  region size 2048K, 3 young (6144K), 3 survivors (6144K)
 Metaspace       used 7666K, capacity 9059K, committed 9216K, reserved 1058816K
  class space    used 459K, capacity 653K, committed 768K, reserved 1048576K
}
Event: 1.223 GC heap before
{Heap before GC invocations=2 (full 0):
 garbage-first heap   total 262144K, used 151910K [0x0000000701600000, 0x0000000800000000)
  region size 2048K, 73 young (149504K), 3 survivors (6144K)
 Metaspace       used 7734K, capacity 9060K, committed 9216K, reserved 1058816K
  class space    used 460K, capacity 653K, committed 768K, reserved 1048576K
}
Event: 1.227 GC heap after
{Heap after GC invocations=3 (full 0):
 garbage-first heap   total 262144K, used 12848K [0x0000000701600000, 0x0000000800000000)
  region size 2048K, 5 young (10240K), 5 survivors (10240K)
 Metaspace       used 7734K, capacity 9060K, committed 9216K, reserved 1058816K
  class space    used 460K, capacity 653K, committed 768K, reserved 1048576K
}

